[2023-10-08 18:57:44] [thread 9028 ] [info] Lua 模块加载成功...
[2023-10-08 18:57:44] [thread 9028 ] [info] 物品附加属性(83)加载完成...
[2023-10-08 18:57:44] [thread 9028 ] [info] 物品数据库(2096)加载完成...
[2023-10-08 18:57:44] [thread 9028 ] [info] Npc配置(427)加载完成...
[2023-10-08 18:57:44] [thread 9028 ] [info] 怪物数据库(556)加载完成...
[2023-10-08 18:57:44] [thread 9028 ] [info] 技能数据库(194)加载完成...
[2023-10-08 18:57:44] [thread 9028 ] [info] 地图配置(118)加载完成...
[2023-10-08 18:57:44] [thread 9028 ] [info] 系统消息配置(30)加载完成...
[2023-10-08 18:57:44] [thread 9028 ] [info] 宝石配置(12)加载完成...
[2023-10-08 18:57:44] [thread 9028 ] [info] 自定义物品属性(48)加载完成...
[2023-10-08 18:57:44] [thread 9028 ] [info] 职业属性加成配置(5)加载完成...
[2023-10-08 18:57:44] [thread 9028 ] [info] 新玩家默认配置配置(5)加载完成...
[2023-10-08 18:57:44] [thread 9028 ] [info] Npc商铺配置(26)加载完成...
[2023-10-08 18:57:44] [thread 9028 ] [info] 刷怪配置(8234)加载完成...
[2023-10-08 18:57:44] [thread 9028 ] [info] 人物升级经验配置(1001)加载完成...
[2023-10-08 18:57:44] [thread 9028 ] [info] Buff配置(68)加载完成...
[2023-10-08 18:57:44] [thread 9028 ] [info] 场景配置(3)加载完成...
[2023-10-08 18:57:44] [thread 9028 ] [info] 宠物配置(13)加载完成...
[2023-10-08 18:57:44] [thread 9028 ] [info] 宠物经验配置(201)加载完成...
[2023-10-08 18:57:44] [thread 9028 ] [info] 日志事件配置(28)加载完成...
[2023-10-08 18:57:44] [thread 9028 ] [info] 全局定时器配置(3)加载完成...
[2023-10-08 18:57:44] [thread 9028 ] [info] Lua ScriptLoaded...
[2023-10-08 18:57:44] [thread 9028 ] [info] 正在加载登录模块...
[2023-10-08 18:57:44] [thread 9028 ] [info] 登录模块加载成功...
[2023-10-08 18:57:46] [thread 20140] [error] 与登录服务器断开连接...
[2023-10-08 18:57:47] [thread 9028 ] [warning] httplib::Client Get Error msg Could not establish connection
[2023-10-08 18:57:47] [thread 9028 ] [error] GuildManager::Init 加载行会信息失败...
[2023-10-08 18:59:01] [thread 11964] [info] Lua 模块加载成功...
[2023-10-08 18:59:01] [thread 11964] [info] 物品附加属性(83)加载完成...
[2023-10-08 18:59:02] [thread 11964] [info] 物品数据库(2096)加载完成...
[2023-10-08 18:59:02] [thread 11964] [info] Npc配置(427)加载完成...
[2023-10-08 18:59:02] [thread 11964] [info] 怪物数据库(556)加载完成...
[2023-10-08 18:59:02] [thread 11964] [info] 技能数据库(194)加载完成...
[2023-10-08 18:59:02] [thread 11964] [info] 地图配置(118)加载完成...
[2023-10-08 18:59:02] [thread 11964] [info] 系统消息配置(30)加载完成...
[2023-10-08 18:59:02] [thread 11964] [info] 宝石配置(12)加载完成...
[2023-10-08 18:59:02] [thread 11964] [info] 自定义物品属性(48)加载完成...
[2023-10-08 18:59:02] [thread 11964] [info] 职业属性加成配置(5)加载完成...
[2023-10-08 18:59:02] [thread 11964] [info] 新玩家默认配置配置(5)加载完成...
[2023-10-08 18:59:02] [thread 11964] [info] Npc商铺配置(26)加载完成...
[2023-10-08 18:59:02] [thread 11964] [info] 刷怪配置(8234)加载完成...
[2023-10-08 18:59:02] [thread 11964] [info] 人物升级经验配置(1001)加载完成...
[2023-10-08 18:59:02] [thread 11964] [info] Buff配置(68)加载完成...
[2023-10-08 18:59:02] [thread 11964] [info] 场景配置(3)加载完成...
[2023-10-08 18:59:02] [thread 11964] [info] 宠物配置(13)加载完成...
[2023-10-08 18:59:02] [thread 11964] [info] 宠物经验配置(201)加载完成...
[2023-10-08 18:59:02] [thread 11964] [info] 日志事件配置(28)加载完成...
[2023-10-08 18:59:02] [thread 11964] [info] 全局定时器配置(3)加载完成...
[2023-10-08 18:59:02] [thread 11964] [info] Lua ScriptLoaded...
[2023-10-08 18:59:02] [thread 11964] [info] 正在加载登录模块...
[2023-10-08 18:59:02] [thread 11964] [info] 登录模块加载成功...
[2023-10-08 18:59:02] [thread 20772] [info] 成功连接到登录服务器...
[2023-10-08 18:59:04] [thread 11964] [warning] httplib::Client Get Error msg Could not establish connection
[2023-10-08 18:59:04] [thread 11964] [error] GuildManager::Init 加载行会信息失败...
[2023-10-08 18:59:24] [thread 15836] [info] Lua 模块加载成功...
[2023-10-08 18:59:24] [thread 15836] [info] 物品附加属性(83)加载完成...
[2023-10-08 18:59:24] [thread 15836] [info] 物品数据库(2096)加载完成...
[2023-10-08 18:59:24] [thread 15836] [info] Npc配置(427)加载完成...
[2023-10-08 18:59:24] [thread 15836] [info] 怪物数据库(556)加载完成...
[2023-10-08 18:59:24] [thread 15836] [info] 技能数据库(194)加载完成...
[2023-10-08 18:59:24] [thread 15836] [info] 地图配置(118)加载完成...
[2023-10-08 18:59:24] [thread 15836] [info] 系统消息配置(30)加载完成...
[2023-10-08 18:59:24] [thread 15836] [info] 宝石配置(12)加载完成...
[2023-10-08 18:59:24] [thread 15836] [info] 自定义物品属性(48)加载完成...
[2023-10-08 18:59:24] [thread 15836] [info] 职业属性加成配置(5)加载完成...
[2023-10-08 18:59:24] [thread 15836] [info] 新玩家默认配置配置(5)加载完成...
[2023-10-08 18:59:24] [thread 15836] [info] Npc商铺配置(26)加载完成...
[2023-10-08 18:59:25] [thread 15836] [info] 刷怪配置(8234)加载完成...
[2023-10-08 18:59:25] [thread 15836] [info] 人物升级经验配置(1001)加载完成...
[2023-10-08 18:59:25] [thread 15836] [info] Buff配置(68)加载完成...
[2023-10-08 18:59:25] [thread 15836] [info] 场景配置(3)加载完成...
[2023-10-08 18:59:25] [thread 15836] [info] 宠物配置(13)加载完成...
[2023-10-08 18:59:25] [thread 15836] [info] 宠物经验配置(201)加载完成...
[2023-10-08 18:59:25] [thread 15836] [info] 日志事件配置(28)加载完成...
[2023-10-08 18:59:25] [thread 15836] [info] 全局定时器配置(3)加载完成...
[2023-10-08 18:59:25] [thread 15836] [info] Lua ScriptLoaded...
[2023-10-08 18:59:25] [thread 15836] [info] 正在加载登录模块...
[2023-10-08 18:59:25] [thread 15836] [info] 登录模块加载成功...
[2023-10-08 18:59:25] [thread 20604] [info] 成功连接到登录服务器...
[2023-10-08 18:59:25] [thread 15836] [info] 初始化行会列表(6)成功...
[2023-10-08 18:59:26] [thread 15836] [info] 数据持久化模块加载成功...
[2023-10-08 18:59:26] [thread 15196] [info] 成功连接到中心服务器...
[2023-10-08 18:59:26] [thread 15836] [info] 初始全局自定义变量(4)成功...
[2023-10-08 18:59:26] [thread 15836] [info] LuaJIT with JIT enabled
[2023-10-08 18:59:26] [thread 15836] [info] SceneServer Id [1001] Code [2] 初始化完成...
[2023-10-08 19:00:12] [thread 14208] [error] 场景服务正在退出...
